2019-07-26 16:44:37.216341|INFO    |VirtualServer |1  |listening on 0.0.0.0:9987, [::]:9987
2019-07-26 18:07:09.271088|INFO    |VirtualServer |1  |permission 'i_icon_id'(id:143) with values (value:-1418792801) was added by '00*BadBoy*00'(id:2) to channel 'Gaming'(id:4)
2019-07-26 18:09:01.634870|INFO    |VirtualServer |1  |permission 'i_channel_needed_join_power'(id:138) with values (value:10) was added by '00*BadBoy*00'(id:2) to channel 'Gaming'(id:4)
2019-07-26 18:09:01.635870|INFO    |VirtualServer |1  |permission 'i_channel_needed_description_view_power'(id:142) with values (value:10) was added by '00*BadBoy*00'(id:2) to channel 'Gaming'(id:4)
2019-07-26 18:09:01.635870|INFO    |VirtualServer |1  |permission 'i_channel_needed_subscribe_power'(id:140) with values (value:10) was added by '00*BadBoy*00'(id:2) to channel 'Gaming'(id:4)
2019-07-26 18:10:32.164862|INFO    |VirtualServer |1  |servergroup 'member'(id:9) was added by '00*BadBoy*00'(id:2)
2019-07-26 18:10:32.185845|INFO    |VirtualServer |1  |permission 'i_group_auto_update_type'(id:147) with values (value:45, negated:0, skipchannel:0) was added by '00*BadBoy*00'(id:2) to servergroup 'member'(id:9)
2019-07-26 18:10:32.186844|INFO    |VirtualServer |1  |permission 'i_client_talk_power'(id:219) with values (value:75, negated:0, skipchannel:0) was added by '00*BadBoy*00'(id:2) to servergroup 'member'(id:9)
2019-07-26 18:10:32.186844|INFO    |VirtualServer |1  |permission 'i_client_poke_power'(id:221) with values (value:75, negated:0, skipchannel:0) was added by '00*BadBoy*00'(id:2) to servergroup 'member'(id:9)
2019-07-26 18:10:32.186844|INFO    |VirtualServer |1  |permission 'i_client_max_clones_uid'(id:174) with values (value:10, negated:0, skipchannel:0) was added by '00*BadBoy*00'(id:2) to servergroup 'member'(id:9)
2019-07-26 18:10:32.186844|INFO    |VirtualServer |1  |permission 'b_client_ignore_antiflood'(id:182) with values (value:1, negated:0, skipchannel:0) was added by '00*BadBoy*00'(id:2) to servergroup 'member'(id:9)
2019-07-26 18:10:32.186844|INFO    |VirtualServer |1  |permission 'b_channel_join_permanent'(id:132) with values (value:1, negated:0, skipchannel:0) was added by '00*BadBoy*00'(id:2) to servergroup 'member'(id:9)
2019-07-26 18:10:32.186844|INFO    |VirtualServer |1  |permission 'b_channel_join_semi_permanent'(id:133) with values (value:1, negated:0, skipchannel:0) was added by '00*BadBoy*00'(id:2) to servergroup 'member'(id:9)
2019-07-26 18:10:32.187843|INFO    |VirtualServer |1  |permission 'b_channel_join_temporary'(id:134) with values (value:1, negated:0, skipchannel:0) was added by '00*BadBoy*00'(id:2) to servergroup 'member'(id:9)
2019-07-26 18:10:32.187843|INFO    |VirtualServer |1  |permission 'b_channel_join_ignore_password'(id:135) with values (value:1, negated:0, skipchannel:0) was added by '00*BadBoy*00'(id:2) to servergroup 'member'(id:9)
2019-07-26 18:10:32.187843|INFO    |VirtualServer |1  |permission 'b_channel_join_ignore_maxclients'(id:136) with values (value:1, negated:0, skipchannel:0) was added by '00*BadBoy*00'(id:2) to servergroup 'member'(id:9)
2019-07-26 18:10:32.187843|INFO    |VirtualServer |1  |permission 'i_channel_join_power'(id:137) with values (value:75, negated:0, skipchannel:0) was added by '00*BadBoy*00'(id:2) to servergroup 'member'(id:9)
2019-07-26 18:10:32.187843|INFO    |VirtualServer |1  |permission 'b_virtualserver_token_use'(id:40) with values (value:1, negated:0, skipchannel:0) was added by '00*BadBoy*00'(id:2) to servergroup 'member'(id:9)
2019-07-26 18:10:32.187843|INFO    |VirtualServer |1  |permission 'i_channel_description_view_power'(id:141) with values (value:75, negated:0, skipchannel:0) was added by '00*BadBoy*00'(id:2) to servergroup 'member'(id:9)
2019-07-26 18:10:32.188843|INFO    |VirtualServer |1  |permission 'b_client_permissionoverview_view'(id:190) with values (value:1, negated:0, skipchannel:0) was added by '00*BadBoy*00'(id:2) to servergroup 'member'(id:9)
2019-07-26 18:10:32.188843|INFO    |VirtualServer |1  |permission 'b_client_permissionoverview_own'(id:191) with values (value:1, negated:0, skipchannel:0) was added by '00*BadBoy*00'(id:2) to servergroup 'member'(id:9)
2019-07-26 18:10:32.188843|INFO    |VirtualServer |1  |permission 'b_client_remoteaddress_view'(id:192) with values (value:1, negated:0, skipchannel:0) was added by '00*BadBoy*00'(id:2) to servergroup 'member'(id:9)
2019-07-26 18:10:32.188843|INFO    |VirtualServer |1  |permission 'i_client_serverquery_view_power'(id:193) with values (value:75, negated:0, skipchannel:0) was added by '00*BadBoy*00'(id:2) to servergroup 'member'(id:9)
2019-07-26 18:10:32.188843|INFO    |VirtualServer |1  |permission 'i_client_needed_serverquery_view_power'(id:194) with values (value:75, negated:0, skipchannel:0) was added by '00*BadBoy*00'(id:2) to servergroup 'member'(id:9)
2019-07-26 18:10:32.189842|INFO    |VirtualServer |1  |permission 'i_client_needed_complain_power'(id:205) with values (value:75, negated:0, skipchannel:0) was added by '00*BadBoy*00'(id:2) to servergroup 'member'(id:9)
2019-07-26 18:10:32.189842|INFO    |VirtualServer |1  |permission 'i_client_needed_ban_power'(id:201) with values (value:75, negated:0, skipchannel:0) was added by '00*BadBoy*00'(id:2) to servergroup 'member'(id:9)
2019-07-26 18:10:32.189842|INFO    |VirtualServer |1  |permission 'i_client_needed_kick_from_server_power'(id:197) with values (value:75, negated:0, skipchannel:0) was added by '00*BadBoy*00'(id:2) to servergroup 'member'(id:9)
2019-07-26 18:10:32.190842|INFO    |VirtualServer |1  |permission 'i_client_needed_kick_from_channel_power'(id:199) with values (value:75, negated:0, skipchannel:0) was added by '00*BadBoy*00'(id:2) to servergroup 'member'(id:9)
2019-07-26 18:10:32.190842|INFO    |VirtualServer |1  |permission 'i_group_modify_power'(id:162) with values (value:75, negated:0, skipchannel:0) was added by '00*BadBoy*00'(id:2) to servergroup 'member'(id:9)
2019-07-26 18:10:32.190842|INFO    |VirtualServer |1  |permission 'i_permission_modify_power'(id:168) with values (value:75, negated:0, skipchannel:0) was added by '00*BadBoy*00'(id:2) to servergroup 'member'(id:9)
2019-07-26 18:10:32.190842|INFO    |VirtualServer |1  |permission 'i_client_permission_modify_power'(id:172) with values (value:75, negated:0, skipchannel:0) was added by '00*BadBoy*00'(id:2) to servergroup 'member'(id:9)
2019-07-26 18:10:32.190842|INFO    |VirtualServer |1  |permission 'i_client_needed_permission_modify_power'(id:173) with values (value:75, negated:0, skipchannel:0) was added by '00*BadBoy*00'(id:2) to servergroup 'member'(id:9)
2019-07-26 18:10:32.190842|INFO    |VirtualServer |1  |permission 'b_virtualserver_connectioninfo_view'(id:26) with values (value:1, negated:0, skipchannel:0) was added by '00*BadBoy*00'(id:2) to servergroup 'member'(id:9)
2019-07-26 18:10:32.191841|INFO    |VirtualServer |1  |permission 'i_channel_modify_power'(id:122) with values (value:75, negated:0, skipchannel:0) was added by '00*BadBoy*00'(id:2) to servergroup 'member'(id:9)
2019-07-26 18:10:32.191841|INFO    |VirtualServer |1  |permission 'b_client_complain_list'(id:206) with values (value:1, negated:0, skipchannel:0) was added by '00*BadBoy*00'(id:2) to servergroup 'member'(id:9)
2019-07-26 18:10:32.191841|INFO    |VirtualServer |1  |permission 'i_needed_modify_power_client_whisper_power'(id:32992) with values (value:75, negated:0, skipchannel:0) was added by '00*BadBoy*00'(id:2) to servergroup 'member'(id:9)
2019-07-26 18:10:32.191841|INFO    |VirtualServer |1  |permission 'i_needed_modify_power_client_needed_whisper_power'(id:32993) with values (value:75, negated:0, skipchannel:0) was added by '00*BadBoy*00'(id:2) to servergroup 'member'(id:9)
2019-07-26 18:10:32.191841|INFO    |VirtualServer |1  |permission 'i_needed_modify_power_channel_needed_delete_power'(id:32899) with values (value:75, negated:0, skipchannel:0) was added by '00*BadBoy*00'(id:2) to servergroup 'member'(id:9)
2019-07-26 18:10:32.191841|INFO    |VirtualServer |1  |permission 'i_channel_permission_modify_power'(id:83) with values (value:75, negated:0, skipchannel:0) was added by '00*BadBoy*00'(id:2) to servergroup 'member'(id:9)
2019-07-26 18:10:32.192840|INFO    |VirtualServer |1  |permission 'i_needed_modify_power_channel_needed_permission_modify_power'(id:32852) with values (value:75, negated:0, skipchannel:0) was added by '00*BadBoy*00'(id:2) to servergroup 'member'(id:9)
2019-07-26 18:10:32.192840|INFO    |VirtualServer |1  |permission 'i_needed_modify_power_group_sort_id'(id:32917) with values (value:75, negated:0, skipchannel:0) was added by '00*BadBoy*00'(id:2) to servergroup 'member'(id:9)
2019-07-26 18:10:32.192840|INFO    |VirtualServer |1  |permission 'i_needed_modify_power_group_show_name_in_tree'(id:32918) with values (value:75, negated:0, skipchannel:0) was added by '00*BadBoy*00'(id:2) to servergroup 'member'(id:9)
2019-07-26 18:10:32.192840|INFO    |VirtualServer |1  |permission 'i_needed_modify_power_icon_id'(id:32911) with values (value:75, negated:0, skipchannel:0) was added by '00*BadBoy*00'(id:2) to servergroup 'member'(id:9)
2019-07-26 18:10:32.192840|INFO    |VirtualServer |1  |permission 'i_client_needed_move_power'(id:203) with values (value:75, negated:0, skipchannel:0) was added by '00*BadBoy*00'(id:2) to servergroup 'member'(id:9)
2019-07-26 18:10:32.192840|INFO    |VirtualServer |1  |permission 'b_client_skip_channelgroup_permissions'(id:179) with values (value:1, negated:0, skipchannel:0) was added by '00*BadBoy*00'(id:2) to servergroup 'member'(id:9)
2019-07-26 18:10:32.192840|INFO    |VirtualServer |1  |permission 'b_virtualserver_join_ignore_password'(id:44) with values (value:1, negated:0, skipchannel:0) was added by '00*BadBoy*00'(id:2) to servergroup 'member'(id:9)
2019-07-26 18:10:32.193839|INFO    |VirtualServer |1  |permission 'b_virtualserver_modify_name'(id:50) with values (value:1, negated:0, skipchannel:0) was added by '00*BadBoy*00'(id:2) to servergroup 'member'(id:9)
2019-07-26 18:10:32.193839|INFO    |VirtualServer |1  |permission 'b_virtualserver_modify_nickname'(id:78) with values (value:1, negated:0, skipchannel:0) was added by '00*BadBoy*00'(id:2) to servergroup 'member'(id:9)
2019-07-26 18:10:32.193839|INFO    |VirtualServer |1  |permission 'b_virtualserver_modify_welcomemessage'(id:51) with values (value:1, negated:0, skipchannel:0) was added by '00*BadBoy*00'(id:2) to servergroup 'member'(id:9)
2019-07-26 18:10:32.193839|INFO    |VirtualServer |1  |permission 'b_virtualserver_modify_password'(id:54) with values (value:1, negated:0, skipchannel:0) was added by '00*BadBoy*00'(id:2) to servergroup 'member'(id:9)
2019-07-26 18:10:32.193839|INFO    |VirtualServer |1  |permission 'b_virtualserver_modify_icon_id'(id:72) with values (value:1, negated:0, skipchannel:0) was added by '00*BadBoy*00'(id:2) to servergroup 'member'(id:9)
2019-07-26 18:10:32.193839|INFO    |VirtualServer |1  |permission 'b_virtualserver_modify_weblist'(id:73) with values (value:1, negated:0, skipchannel:0) was added by '00*BadBoy*00'(id:2) to servergroup 'member'(id:9)
2019-07-26 18:10:32.193839|INFO    |VirtualServer |1  |permission 'b_virtualserver_modify_codec_encryption_mode'(id:74) with values (value:1, negated:0, skipchannel:0) was added by '00*BadBoy*00'(id:2) to servergroup 'member'(id:9)
2019-07-26 18:10:32.193839|INFO    |VirtualServer |1  |permission 'b_client_use_reserved_slot'(id:183) with values (value:1, negated:0, skipchannel:0) was added by '00*BadBoy*00'(id:2) to servergroup 'member'(id:9)
2019-07-26 18:10:32.194838|INFO    |VirtualServer |1  |permission 'b_virtualserver_log_view'(id:42) with values (value:1, negated:0, skipchannel:0) was added by '00*BadBoy*00'(id:2) to servergroup 'member'(id:9)
2019-07-26 18:10:32.194838|INFO    |VirtualServer |1  |permission 'b_virtualserver_client_dblist'(id:31) with values (value:1, negated:0, skipchannel:0) was added by '00*BadBoy*00'(id:2) to servergroup 'member'(id:9)
2019-07-26 18:10:32.194838|INFO    |VirtualServer |1  |permission 'b_virtualserver_servergroup_create'(id:160) with values (value:1, negated:0, skipchannel:0) was added by '00*BadBoy*00'(id:2) to servergroup 'member'(id:9)
2019-07-26 18:10:32.194838|INFO    |VirtualServer |1  |permission 'b_virtualserver_channelgroup_create'(id:161) with values (value:1, negated:0, skipchannel:0) was added by '00*BadBoy*00'(id:2) to servergroup 'member'(id:9)
2019-07-26 18:10:32.194838|INFO    |VirtualServer |1  |permission 'b_virtualserver_servergroup_delete'(id:170) with values (value:1, negated:0, skipchannel:0) was added by '00*BadBoy*00'(id:2) to servergroup 'member'(id:9)
2019-07-26 18:10:32.194838|INFO    |VirtualServer |1  |permission 'b_virtualserver_channelgroup_delete'(id:171) with values (value:1, negated:0, skipchannel:0) was added by '00*BadBoy*00'(id:2) to servergroup 'member'(id:9)
2019-07-26 18:10:32.194838|INFO    |VirtualServer |1  |permission 'b_icon_manage'(id:145) with values (value:1, negated:0, skipchannel:0) was added by '00*BadBoy*00'(id:2) to servergroup 'member'(id:9)
2019-07-26 18:10:32.195837|INFO    |VirtualServer |1  |permission 'i_max_icon_filesize'(id:144) with values (value:8192, negated:0, skipchannel:0) was added by '00*BadBoy*00'(id:2) to servergroup 'member'(id:9)
2019-07-26 18:10:32.195837|INFO    |VirtualServer |1  |permission 'b_virtualserver_servergroup_permission_list'(id:152) with values (value:1, negated:0, skipchannel:0) was added by '00*BadBoy*00'(id:2) to servergroup 'member'(id:9)
2019-07-26 18:10:32.195837|INFO    |VirtualServer |1  |permission 'b_virtualserver_channelgroup_permission_list'(id:155) with values (value:1, negated:0, skipchannel:0) was added by '00*BadBoy*00'(id:2) to servergroup 'member'(id:9)
2019-07-26 18:10:32.195837|INFO    |VirtualServer |1  |permission 'b_virtualserver_client_permission_list'(id:157) with values (value:1, negated:0, skipchannel:0) was added by '00*BadBoy*00'(id:2) to servergroup 'member'(id:9)
2019-07-26 18:10:32.195837|INFO    |VirtualServer |1  |permission 'b_virtualserver_channel_permission_list'(id:158) with values (value:1, negated:0, skipchannel:0) was added by '00*BadBoy*00'(id:2) to servergroup 'member'(id:9)
2019-07-26 18:10:32.195837|INFO    |VirtualServer |1  |permission 'b_virtualserver_channelclient_permission_list'(id:159) with values (value:1, negated:0, skipchannel:0) was added by '00*BadBoy*00'(id:2) to servergroup 'member'(id:9)
2019-07-26 18:10:32.195837|INFO    |VirtualServer |1  |permission 'b_virtualserver_servergroup_client_list'(id:153) with values (value:1, negated:0, skipchannel:0) was added by '00*BadBoy*00'(id:2) to servergroup 'member'(id:9)
2019-07-26 18:10:32.195837|INFO    |VirtualServer |1  |permission 'b_virtualserver_channelgroup_client_list'(id:156) with values (value:1, negated:0, skipchannel:0) was added by '00*BadBoy*00'(id:2) to servergroup 'member'(id:9)
2019-07-26 18:10:32.196836|INFO    |VirtualServer |1  |permission 'b_virtualserver_token_list'(id:38) with values (value:1, negated:0, skipchannel:0) was added by '00*BadBoy*00'(id:2) to servergroup 'member'(id:9)
2019-07-26 18:10:32.196836|INFO    |VirtualServer |1  |permission 'b_virtualserver_token_add'(id:39) with values (value:1, negated:0, skipchannel:0) was added by '00*BadBoy*00'(id:2) to servergroup 'member'(id:9)
2019-07-26 18:10:32.196836|INFO    |VirtualServer |1  |permission 'b_virtualserver_token_delete'(id:41) with values (value:1, negated:0, skipchannel:0) was added by '00*BadBoy*00'(id:2) to servergroup 'member'(id:9)
2019-07-26 18:10:32.196836|INFO    |VirtualServer |1  |permission 'i_group_member_add_power'(id:164) with values (value:75, negated:0, skipchannel:0) was added by '00*BadBoy*00'(id:2) to servergroup 'member'(id:9)
2019-07-26 18:10:32.196836|INFO    |VirtualServer |1  |permission 'i_group_member_remove_power'(id:166) with values (value:75, negated:0, skipchannel:0) was added by '00*BadBoy*00'(id:2) to servergroup 'member'(id:9)
2019-07-26 18:10:32.196836|INFO    |VirtualServer |1  |permission 'b_client_modify_description'(id:226) with values (value:1, negated:0, skipchannel:0) was added by '00*BadBoy*00'(id:2) to servergroup 'member'(id:9)
2019-07-26 18:10:32.196836|INFO    |VirtualServer |1  |permission 'b_client_modify_own_description'(id:227) with values (value:1, negated:0, skipchannel:0) was added by '00*BadBoy*00'(id:2) to servergroup 'member'(id:9)
2019-07-26 18:10:32.197836|INFO    |VirtualServer |1  |permission 'b_client_set_flag_talker'(id:223) with values (value:1, negated:0, skipchannel:0) was added by '00*BadBoy*00'(id:2) to servergroup 'member'(id:9)
2019-07-26 18:10:32.197836|INFO    |VirtualServer |1  |permission 'i_client_move_power'(id:202) with values (value:75, negated:0, skipchannel:0) was added by '00*BadBoy*00'(id:2) to servergroup 'member'(id:9)
2019-07-26 18:10:32.197836|INFO    |VirtualServer |1  |permission 'i_client_kick_from_channel_power'(id:198) with values (value:75, negated:0, skipchannel:0) was added by '00*BadBoy*00'(id:2) to servergroup 'member'(id:9)
2019-07-26 18:10:32.197836|INFO    |VirtualServer |1  |permission 'i_client_ban_power'(id:200) with values (value:75, negated:0, skipchannel:0) was added by '00*BadBoy*00'(id:2) to servergroup 'member'(id:9)
2019-07-26 18:10:32.197836|INFO    |VirtualServer |1  |permission 'b_client_ban_list'(id:209) with values (value:1, negated:0, skipchannel:0) was added by '00*BadBoy*00'(id:2) to servergroup 'member'(id:9)
2019-07-26 18:10:32.197836|INFO    |VirtualServer |1  |permission 'b_client_ban_delete_own'(id:211) with values (value:1, negated:0, skipchannel:0) was added by '00*BadBoy*00'(id:2) to servergroup 'member'(id:9)
2019-07-26 18:10:32.198835|INFO    |VirtualServer |1  |permission 'b_client_ban_create'(id:210) with values (value:1, negated:0, skipchannel:0) was added by '00*BadBoy*00'(id:2) to servergroup 'member'(id:9)
2019-07-26 18:10:32.198835|INFO    |VirtualServer |1  |permission 'b_client_ban_delete'(id:212) with values (value:1, negated:0, skipchannel:0) was added by '00*BadBoy*00'(id:2) to servergroup 'member'(id:9)
2019-07-26 18:10:32.198835|INFO    |VirtualServer |1  |permission 'i_client_ban_max_bantime'(id:213) with values (value:-1, negated:0, skipchannel:0) was added by '00*BadBoy*00'(id:2) to servergroup 'member'(id:9)
2019-07-26 18:10:32.198835|INFO    |VirtualServer |1  |permission 'b_client_ignore_bans'(id:181) with values (value:1, negated:0, skipchannel:0) was added by '00*BadBoy*00'(id:2) to servergroup 'member'(id:9)
2019-07-26 18:10:32.198835|INFO    |VirtualServer |1  |permission 'i_client_kick_from_server_power'(id:196) with values (value:75, negated:0, skipchannel:0) was added by '00*BadBoy*00'(id:2) to servergroup 'member'(id:9)
2019-07-26 18:10:32.198835|INFO    |VirtualServer |1  |permission 'b_channel_modify_name'(id:110) with values (value:1, negated:0, skipchannel:0) was added by '00*BadBoy*00'(id:2) to servergroup 'member'(id:9)
2019-07-26 18:10:32.198835|INFO    |VirtualServer |1  |permission 'b_channel_modify_topic'(id:111) with values (value:1, negated:0, skipchannel:0) was added by '00*BadBoy*00'(id:2) to servergroup 'member'(id:9)
2019-07-26 18:10:32.199834|INFO    |VirtualServer |1  |permission 'b_channel_modify_description'(id:112) with values (value:1, negated:0, skipchannel:0) was added by '00*BadBoy*00'(id:2) to servergroup 'member'(id:9)
2019-07-26 18:10:32.199834|INFO    |VirtualServer |1  |permission 'b_channel_modify_password'(id:113) with values (value:1, negated:0, skipchannel:0) was added by '00*BadBoy*00'(id:2) to servergroup 'member'(id:9)
2019-07-26 18:10:32.199834|INFO    |VirtualServer |1  |permission 'b_channel_modify_codec'(id:115) with values (value:1, negated:0, skipchannel:0) was added by '00*BadBoy*00'(id:2) to servergroup 'member'(id:9)
2019-07-26 18:10:32.199834|INFO    |VirtualServer |1  |permission 'b_channel_modify_codec_quality'(id:116) with values (value:1, negated:0, skipchannel:0) was added by '00*BadBoy*00'(id:2) to servergroup 'member'(id:9)
2019-07-26 18:10:32.199834|INFO    |VirtualServer |1  |permission 'b_channel_modify_codec_latency_factor'(id:117) with values (value:1, negated:0, skipchannel:0) was added by '00*BadBoy*00'(id:2) to servergroup 'member'(id:9)
2019-07-26 18:10:32.199834|INFO    |VirtualServer |1  |permission 'b_channel_modify_maxclients'(id:118) with values (value:1, negated:0, skipchannel:0) was added by '00*BadBoy*00'(id:2) to servergroup 'member'(id:9)
2019-07-26 18:10:32.199834|INFO    |VirtualServer |1  |permission 'b_channel_modify_maxfamilyclients'(id:119) with values (value:1, negated:0, skipchannel:0) was added by '00*BadBoy*00'(id:2) to servergroup 'member'(id:9)
2019-07-26 18:10:32.200833|INFO    |VirtualServer |1  |permission 'b_channel_modify_parent'(id:105) with values (value:1, negated:0, skipchannel:0) was added by '00*BadBoy*00'(id:2) to servergroup 'member'(id:9)
2019-07-26 18:10:32.200833|INFO    |VirtualServer |1  |permission 'b_channel_modify_sortorder'(id:120) with values (value:1, negated:0, skipchannel:0) was added by '00*BadBoy*00'(id:2) to servergroup 'member'(id:9)
2019-07-26 18:10:32.200833|INFO    |VirtualServer |1  |permission 'b_channel_modify_needed_talk_power'(id:121) with values (value:1, negated:0, skipchannel:0) was added by '00*BadBoy*00'(id:2) to servergroup 'member'(id:9)
2019-07-26 18:10:32.200833|INFO    |VirtualServer |1  |permission 'b_channel_modify_make_codec_encrypted'(id:124) with values (value:1, negated:0, skipchannel:0) was added by '00*BadBoy*00'(id:2) to servergroup 'member'(id:9)
2019-07-26 18:10:32.200833|INFO    |VirtualServer |1  |permission 'b_channel_create_child'(id:86) with values (value:1, negated:0, skipchannel:0) was added by '00*BadBoy*00'(id:2) to servergroup 'member'(id:9)
2019-07-26 18:10:32.200833|INFO    |VirtualServer |1  |permission 'b_channel_create_permanent'(id:87) with values (value:1, negated:0, skipchannel:0) was added by '00*BadBoy*00'(id:2) to servergroup 'member'(id:9)
2019-07-26 18:10:32.201832|INFO    |VirtualServer |1  |permission 'b_channel_create_semi_permanent'(id:88) with values (value:1, negated:0, skipchannel:0) was added by '00*BadBoy*00'(id:2) to servergroup 'member'(id:9)
2019-07-26 18:10:32.201832|INFO    |VirtualServer |1  |permission 'b_channel_create_temporary'(id:89) with values (value:1, negated:0, skipchannel:0) was added by '00*BadBoy*00'(id:2) to servergroup 'member'(id:9)
2019-07-26 18:10:32.201832|INFO    |VirtualServer |1  |permission 'b_channel_create_with_topic'(id:90) with values (value:1, negated:0, skipchannel:0) was added by '00*BadBoy*00'(id:2) to servergroup 'member'(id:9)
2019-07-26 18:10:32.201832|INFO    |VirtualServer |1  |permission 'b_channel_create_with_description'(id:91) with values (value:1, negated:0, skipchannel:0) was added by '00*BadBoy*00'(id:2) to servergroup 'member'(id:9)
2019-07-26 18:10:32.201832|INFO    |VirtualServer |1  |permission 'b_channel_create_with_password'(id:92) with values (value:1, negated:0, skipchannel:0) was added by '00*BadBoy*00'(id:2) to servergroup 'member'(id:9)
2019-07-26 18:10:32.201832|INFO    |VirtualServer |1  |permission 'i_channel_create_modify_with_codec_maxquality'(id:96) with values (value:10, negated:0, skipchannel:0) was added by '00*BadBoy*00'(id:2) to servergroup 'member'(id:9)
2019-07-26 18:10:32.201832|INFO    |VirtualServer |1  |permission 'i_channel_create_modify_with_codec_latency_factor_min'(id:97) with values (value:1, negated:0, skipchannel:0) was added by '00*BadBoy*00'(id:2) to servergroup 'member'(id:9)
2019-07-26 18:10:32.202832|INFO    |VirtualServer |1  |permission 'b_channel_create_with_maxclients'(id:98) with values (value:1, negated:0, skipchannel:0) was added by '00*BadBoy*00'(id:2) to servergroup 'member'(id:9)
2019-07-26 18:10:32.202832|INFO    |VirtualServer |1  |permission 'b_channel_create_with_maxfamilyclients'(id:99) with values (value:1, negated:0, skipchannel:0) was added by '00*BadBoy*00'(id:2) to servergroup 'member'(id:9)
2019-07-26 18:10:32.202832|INFO    |VirtualServer |1  |permission 'b_channel_create_with_needed_talk_power'(id:102) with values (value:1, negated:0, skipchannel:0) was added by '00*BadBoy*00'(id:2) to servergroup 'member'(id:9)
2019-07-26 18:10:32.202832|INFO    |VirtualServer |1  |permission 'b_channel_create_with_default'(id:101) with values (value:1, negated:0, skipchannel:0) was added by '00*BadBoy*00'(id:2) to servergroup 'member'(id:9)
2019-07-26 18:10:32.204830|INFO    |VirtualServer |1  |permission 'i_channel_max_depth'(id:81) with values (value:10, negated:0, skipchannel:0) was added by '00*BadBoy*00'(id:2) to servergroup 'member'(id:9)
2019-07-26 18:10:32.204830|INFO    |VirtualServer |1  |permission 'b_channel_create_with_sortorder'(id:100) with values (value:1, negated:0, skipchannel:0) was added by '00*BadBoy*00'(id:2) to servergroup 'member'(id:9)
2019-07-26 18:10:32.204830|INFO    |VirtualServer |1  |permission 'i_channel_delete_power'(id:130) with values (value:60, negated:0, skipchannel:0) was added by '00*BadBoy*00'(id:2) to servergroup 'member'(id:9)
2019-07-26 18:10:32.204830|INFO    |VirtualServer |1  |permission 'b_channel_delete_permanent'(id:126) with values (value:1, negated:0, skipchannel:0) was added by '00*BadBoy*00'(id:2) to servergroup 'member'(id:9)
2019-07-26 18:10:32.204830|INFO    |VirtualServer |1  |permission 'b_channel_delete_semi_permanent'(id:127) with values (value:1, negated:0, skipchannel:0) was added by '00*BadBoy*00'(id:2) to servergroup 'member'(id:9)
2019-07-26 18:10:32.204830|INFO    |VirtualServer |1  |permission 'b_channel_delete_temporary'(id:128) with values (value:1, negated:0, skipchannel:0) was added by '00*BadBoy*00'(id:2) to servergroup 'member'(id:9)
2019-07-26 18:10:32.205829|INFO    |VirtualServer |1  |permission 'b_channel_delete_flag_force'(id:129) with values (value:1, negated:0, skipchannel:0) was added by '00*BadBoy*00'(id:2) to servergroup 'member'(id:9)
2019-07-26 18:10:32.205829|INFO    |VirtualServer |1  |permission 'i_client_max_avatar_filesize'(id:176) with values (value:200000, negated:0, skipchannel:0) was added by '00*BadBoy*00'(id:2) to servergroup 'member'(id:9)
2019-07-26 18:10:32.205829|INFO    |VirtualServer |1  |permission 'b_client_use_channel_commander'(id:184) with values (value:1, negated:0, skipchannel:0) was added by '00*BadBoy*00'(id:2) to servergroup 'member'(id:9)
2019-07-26 18:10:32.205829|INFO    |VirtualServer |1  |permission 'i_client_max_channel_subscriptions'(id:177) with values (value:-1, negated:0, skipchannel:0) was added by '00*BadBoy*00'(id:2) to servergroup 'member'(id:9)
2019-07-26 18:10:32.205829|INFO    |VirtualServer |1  |permission 'i_channel_subscribe_power'(id:139) with values (value:75, negated:0, skipchannel:0) was added by '00*BadBoy*00'(id:2) to servergroup 'member'(id:9)
2019-07-26 18:10:32.205829|INFO    |VirtualServer |1  |permission 'i_needed_modify_power_client_is_priority_speaker'(id:32946) with values (value:75, negated:0, skipchannel:0) was added by '00*BadBoy*00'(id:2) to servergroup 'member'(id:9)
2019-07-26 18:10:32.206829|INFO    |VirtualServer |1  |permission 'i_client_private_textmessage_power'(id:214) with values (value:75, negated:0, skipchannel:0) was added by '00*BadBoy*00'(id:2) to servergroup 'member'(id:9)
2019-07-26 18:10:32.206829|INFO    |VirtualServer |1  |permission 'b_client_server_textmessage_send'(id:216) with values (value:1, negated:0, skipchannel:0) was added by '00*BadBoy*00'(id:2) to servergroup 'member'(id:9)
2019-07-26 18:10:32.206829|INFO    |VirtualServer |1  |permission 'b_client_channel_textmessage_send'(id:217) with values (value:1, negated:0, skipchannel:0) was added by '00*BadBoy*00'(id:2) to servergroup 'member'(id:9)
2019-07-26 18:10:32.206829|INFO    |VirtualServer |1  |permission 'b_client_offline_textmessage_send'(id:218) with values (value:1, negated:0, skipchannel:0) was added by '00*BadBoy*00'(id:2) to servergroup 'member'(id:9)
2019-07-26 18:10:32.206829|INFO    |VirtualServer |1  |permission 'i_ft_file_delete_power'(id:237) with values (value:75, negated:0, skipchannel:0) was added by '00*BadBoy*00'(id:2) to servergroup 'member'(id:9)
2019-07-26 18:10:32.206829|INFO    |VirtualServer |1  |permission 'i_ft_file_rename_power'(id:239) with values (value:75, negated:0, skipchannel:0) was added by '00*BadBoy*00'(id:2) to servergroup 'member'(id:9)
2019-07-26 18:10:32.206829|INFO    |VirtualServer |1  |permission 'i_ft_directory_create_power'(id:243) with values (value:75, negated:0, skipchannel:0) was added by '00*BadBoy*00'(id:2) to servergroup 'member'(id:9)
2019-07-26 18:10:32.206829|INFO    |VirtualServer |1  |permission 'b_ft_ignore_password'(id:231) with values (value:1, negated:0, skipchannel:0) was added by '00*BadBoy*00'(id:2) to servergroup 'member'(id:9)
2019-07-26 18:10:32.207828|INFO    |VirtualServer |1  |permission 'i_ft_file_upload_power'(id:233) with values (value:75, negated:0, skipchannel:0) was added by '00*BadBoy*00'(id:2) to servergroup 'member'(id:9)
2019-07-26 18:10:32.207828|INFO    |VirtualServer |1  |permission 'i_ft_quota_mb_upload_per_client'(id:246) with values (value:-1, negated:0, skipchannel:0) was added by '00*BadBoy*00'(id:2) to servergroup 'member'(id:9)
2019-07-26 18:10:32.207828|INFO    |VirtualServer |1  |permission 'i_ft_file_download_power'(id:235) with values (value:75, negated:0, skipchannel:0) was added by '00*BadBoy*00'(id:2) to servergroup 'member'(id:9)
2019-07-26 18:10:32.207828|INFO    |VirtualServer |1  |permission 'i_ft_quota_mb_download_per_client'(id:245) with values (value:-1, negated:0, skipchannel:0) was added by '00*BadBoy*00'(id:2) to servergroup 'member'(id:9)
2019-07-26 18:10:32.207828|INFO    |VirtualServer |1  |permission 'i_ft_file_browse_power'(id:241) with values (value:75, negated:0, skipchannel:0) was added by '00*BadBoy*00'(id:2) to servergroup 'member'(id:9)
2019-07-26 18:10:32.207828|INFO    |VirtualServer |1  |permission 'b_channel_modify_make_permanent'(id:107) with values (value:1, negated:0, skipchannel:0) was added by '00*BadBoy*00'(id:2) to servergroup 'member'(id:9)
2019-07-26 18:10:32.207828|INFO    |VirtualServer |1  |permission 'b_channel_modify_make_default'(id:106) with values (value:1, negated:0, skipchannel:0) was added by '00*BadBoy*00'(id:2) to servergroup 'member'(id:9)
2019-07-26 18:10:32.208827|INFO    |VirtualServer |1  |permission 'b_channel_modify_make_semi_permanent'(id:108) with values (value:1, negated:0, skipchannel:0) was added by '00*BadBoy*00'(id:2) to servergroup 'member'(id:9)
2019-07-26 18:10:32.208827|INFO    |VirtualServer |1  |permission 'b_channel_modify_make_temporary'(id:109) with values (value:1, negated:0, skipchannel:0) was added by '00*BadBoy*00'(id:2) to servergroup 'member'(id:9)
2019-07-26 18:10:32.208827|INFO    |VirtualServer |1  |permission 'i_needed_modify_power_group_auto_update_type'(id:32915) with values (value:75, negated:0, skipchannel:0) was added by '00*BadBoy*00'(id:2) to servergroup 'member'(id:9)
2019-07-26 18:10:32.208827|INFO    |VirtualServer |1  |permission 'i_needed_modify_power_group_is_permanent'(id:32914) with values (value:75, negated:0, skipchannel:0) was added by '00*BadBoy*00'(id:2) to servergroup 'member'(id:9)
2019-07-26 18:10:32.208827|INFO    |VirtualServer |1  |permission 'i_needed_modify_power_client_talk_power'(id:32987) with values (value:75, negated:0, skipchannel:0) was added by '00*BadBoy*00'(id:2) to servergroup 'member'(id:9)
2019-07-26 18:10:32.208827|INFO    |VirtualServer |1  |permission 'i_needed_modify_power_client_poke_power'(id:32989) with values (value:75, negated:0, skipchannel:0) was added by '00*BadBoy*00'(id:2) to servergroup 'member'(id:9)
2019-07-26 18:10:32.208827|INFO    |VirtualServer |1  |permission 'i_needed_modify_power_client_max_clones_uid'(id:32942) with values (value:75, negated:0, skipchannel:0) was added by '00*BadBoy*00'(id:2) to servergroup 'member'(id:9)
2019-07-26 18:10:32.209826|INFO    |VirtualServer |1  |permission 'i_needed_modify_power_client_ignore_antiflood'(id:32950) with values (value:75, negated:0, skipchannel:0) was added by '00*BadBoy*00'(id:2) to servergroup 'member'(id:9)
2019-07-26 18:10:32.209826|INFO    |VirtualServer |1  |permission 'i_needed_modify_power_channel_join_permanent'(id:32900) with values (value:75, negated:0, skipchannel:0) was added by '00*BadBoy*00'(id:2) to servergroup 'member'(id:9)
2019-07-26 18:10:32.209826|INFO    |VirtualServer |1  |permission 'i_needed_modify_power_channel_join_semi_permanent'(id:32901) with values (value:75, negated:0, skipchannel:0) was added by '00*BadBoy*00'(id:2) to servergroup 'member'(id:9)
2019-07-26 18:10:32.209826|INFO    |VirtualServer |1  |permission 'i_needed_modify_power_channel_join_temporary'(id:32902) with values (value:75, negated:0, skipchannel:0) was added by '00*BadBoy*00'(id:2) to servergroup 'member'(id:9)
2019-07-26 18:10:32.209826|INFO    |VirtualServer |1  |permission 'i_needed_modify_power_channel_join_ignore_password'(id:32903) with values (value:75, negated:0, skipchannel:0) was added by '00*BadBoy*00'(id:2) to servergroup 'member'(id:9)
2019-07-26 18:10:32.209826|INFO    |VirtualServer |1  |permission 'i_needed_modify_power_channel_join_ignore_maxclients'(id:32904) with values (value:75, negated:0, skipchannel:0) was added by '00*BadBoy*00'(id:2) to servergroup 'member'(id:9)
2019-07-26 18:10:32.209826|INFO    |VirtualServer |1  |permission 'i_needed_modify_power_channel_join_power'(id:32905) with values (value:75, negated:0, skipchannel:0) was added by '00*BadBoy*00'(id:2) to servergroup 'member'(id:9)
2019-07-26 18:10:32.209826|INFO    |VirtualServer |1  |permission 'i_needed_modify_power_virtualserver_token_use'(id:32808) with values (value:75, negated:0, skipchannel:0) was added by '00*BadBoy*00'(id:2) to servergroup 'member'(id:9)
2019-07-26 18:10:32.210826|INFO    |VirtualServer |1  |permission 'i_needed_modify_power_channel_description_view_power'(id:32909) with values (value:75, negated:0, skipchannel:0) was added by '00*BadBoy*00'(id:2) to servergroup 'member'(id:9)
2019-07-26 18:10:32.210826|INFO    |VirtualServer |1  |permission 'i_needed_modify_power_client_permissionoverview_view'(id:32958) with values (value:75, negated:0, skipchannel:0) was added by '00*BadBoy*00'(id:2) to servergroup 'member'(id:9)
2019-07-26 18:10:32.210826|INFO    |VirtualServer |1  |permission 'i_needed_modify_power_client_permissionoverview_own'(id:32959) with values (value:75, negated:0, skipchannel:0) was added by '00*BadBoy*00'(id:2) to servergroup 'member'(id:9)
2019-07-26 18:10:32.210826|INFO    |VirtualServer |1  |permission 'i_needed_modify_power_client_remoteaddress_view'(id:32960) with values (value:75, negated:0, skipchannel:0) was added by '00*BadBoy*00'(id:2) to servergroup 'member'(id:9)
2019-07-26 18:10:32.210826|INFO    |VirtualServer |1  |permission 'i_needed_modify_power_client_serverquery_view_power'(id:32961) with values (value:75, negated:0, skipchannel:0) was added by '00*BadBoy*00'(id:2) to servergroup 'member'(id:9)
2019-07-26 18:10:32.210826|INFO    |VirtualServer |1  |permission 'i_needed_modify_power_client_needed_serverquery_view_power'(id:32962) with values (value:75, negated:0, skipchannel:0) was added by '00*BadBoy*00'(id:2) to servergroup 'member'(id:9)
2019-07-26 18:10:32.210826|INFO    |VirtualServer |1  |permission 'i_needed_modify_power_client_needed_complain_power'(id:32973) with values (value:75, negated:0, skipchannel:0) was added by '00*BadBoy*00'(id:2) to servergroup 'member'(id:9)
2019-07-26 18:10:32.210826|INFO    |VirtualServer |1  |permission 'i_needed_modify_power_group_needed_modify_power'(id:32931) with values (value:75, negated:0, skipchannel:0) was added by '00*BadBoy*00'(id:2) to servergroup 'member'(id:9)
2019-07-26 18:10:32.211825|INFO    |VirtualServer |1  |permission 'i_needed_modify_power_client_needed_ban_power'(id:32969) with values (value:75, negated:0, skipchannel:0) was added by '00*BadBoy*00'(id:2) to servergroup 'member'(id:9)
2019-07-26 18:10:32.211825|INFO    |VirtualServer |1  |permission 'i_needed_modify_power_client_needed_kick_from_server_power'(id:32965) with values (value:75, negated:0, skipchannel:0) was added by '00*BadBoy*00'(id:2) to servergroup 'member'(id:9)
2019-07-26 18:10:32.211825|INFO    |VirtualServer |1  |permission 'i_needed_modify_power_client_needed_kick_from_channel_power'(id:32967) with values (value:75, negated:0, skipchannel:0) was added by '00*BadBoy*00'(id:2) to servergroup 'member'(id:9)
2019-07-26 18:10:32.211825|INFO    |VirtualServer |1  |permission 'i_needed_modify_power_group_needed_member_add_power'(id:32933) with values (value:75, negated:0, skipchannel:0) was added by '00*BadBoy*00'(id:2) to servergroup 'member'(id:9)
2019-07-26 18:10:32.211825|INFO    |VirtualServer |1  |permission 'i_needed_modify_power_group_needed_member_remove_power'(id:32935) with values (value:75, negated:0, skipchannel:0) was added by '00*BadBoy*00'(id:2) to servergroup 'member'(id:9)
2019-07-26 18:10:32.211825|INFO    |VirtualServer |1  |permission 'i_needed_modify_power_group_modify_power'(id:32930) with values (value:75, negated:0, skipchannel:0) was added by '00*BadBoy*00'(id:2) to servergroup 'member'(id:9)
2019-07-26 18:10:32.211825|INFO    |VirtualServer |1  |permission 'i_needed_modify_power_permission_modify_power'(id:32936) with values (value:75, negated:0, skipchannel:0) was added by '00*BadBoy*00'(id:2) to servergroup 'member'(id:9)
2019-07-26 18:10:32.212824|INFO    |VirtualServer |1  |permission 'i_needed_modify_power_client_permission_modify_power'(id:32940) with values (value:75, negated:0, skipchannel:0) was added by '00*BadBoy*00'(id:2) to servergroup 'member'(id:9)
2019-07-26 18:10:32.212824|INFO    |VirtualServer |1  |permission 'i_needed_modify_power_client_needed_permission_modify_power'(id:32941) with values (value:75, negated:0, skipchannel:0) was added by '00*BadBoy*00'(id:2) to servergroup 'member'(id:9)
2019-07-26 18:10:32.212824|INFO    |VirtualServer |1  |permission 'i_needed_modify_power_virtualserver_connectioninfo_view'(id:32794) with values (value:75, negated:0, skipchannel:0) was added by '00*BadBoy*00'(id:2) to servergroup 'member'(id:9)
2019-07-26 18:10:32.212824|INFO    |VirtualServer |1  |permission 'i_needed_modify_power_channel_modify_power'(id:32890) with values (value:75, negated:0, skipchannel:0) was added by '00*BadBoy*00'(id:2) to servergroup 'member'(id:9)
2019-07-26 18:10:32.212824|INFO    |VirtualServer |1  |permission 'i_needed_modify_power_client_complain_list'(id:32974) with values (value:75, negated:0, skipchannel:0) was added by '00*BadBoy*00'(id:2) to servergroup 'member'(id:9)
2019-07-26 18:10:32.212824|INFO    |VirtualServer |1  |permission 'i_needed_modify_power_channel_permission_modify_power'(id:32851) with values (value:75, negated:0, skipchannel:0) was added by '00*BadBoy*00'(id:2) to servergroup 'member'(id:9)
2019-07-26 18:10:32.212824|INFO    |VirtualServer |1  |permission 'i_needed_modify_power_client_needed_move_power'(id:32971) with values (value:75, negated:0, skipchannel:0) was added by '00*BadBoy*00'(id:2) to servergroup 'member'(id:9)
2019-07-26 18:10:32.212824|INFO    |VirtualServer |1  |permission 'i_needed_modify_power_client_skip_channelgroup_permissions'(id:32947) with values (value:75, negated:0, skipchannel:0) was added by '00*BadBoy*00'(id:2) to servergroup 'member'(id:9)
2019-07-26 18:10:32.213823|INFO    |VirtualServer |1  |permission 'i_needed_modify_power_virtualserver_join_ignore_password'(id:32812) with values (value:75, negated:0, skipchannel:0) was added by '00*BadBoy*00'(id:2) to servergroup 'member'(id:9)
2019-07-26 18:10:32.213823|INFO    |VirtualServer |1  |permission 'i_needed_modify_power_virtualserver_modify_name'(id:32818) with values (value:75, negated:0, skipchannel:0) was added by '00*BadBoy*00'(id:2) to servergroup 'member'(id:9)
2019-07-26 18:10:32.213823|INFO    |VirtualServer |1  |permission 'i_needed_modify_power_virtualserver_modify_nickname'(id:32846) with values (value:75, negated:0, skipchannel:0) was added by '00*BadBoy*00'(id:2) to servergroup 'member'(id:9)
2019-07-26 18:10:32.213823|INFO    |VirtualServer |1  |permission 'i_needed_modify_power_virtualserver_modify_welcomemessage'(id:32819) with values (value:75, negated:0, skipchannel:0) was added by '00*BadBoy*00'(id:2) to servergroup 'member'(id:9)
2019-07-26 18:10:32.213823|INFO    |VirtualServer |1  |permission 'i_needed_modify_power_virtualserver_modify_password'(id:32822) with values (value:75, negated:0, skipchannel:0) was added by '00*BadBoy*00'(id:2) to servergroup 'member'(id:9)
2019-07-26 18:10:32.213823|INFO    |VirtualServer |1  |permission 'i_needed_modify_power_virtualserver_modify_icon_id'(id:32840) with values (value:75, negated:0, skipchannel:0) was added by '00*BadBoy*00'(id:2) to servergroup 'member'(id:9)
2019-07-26 18:10:32.213823|INFO    |VirtualServer |1  |permission 'i_needed_modify_power_virtualserver_modify_weblist'(id:32841) with values (value:75, negated:0, skipchannel:0) was added by '00*BadBoy*00'(id:2) to servergroup 'member'(id:9)
2019-07-26 18:10:32.213823|INFO    |VirtualServer |1  |permission 'i_needed_modify_power_virtualserver_modify_codec_encryption_mode'(id:32842) with values (value:75, negated:0, skipchannel:0) was added by '00*BadBoy*00'(id:2) to servergroup 'member'(id:9)
2019-07-26 18:10:32.214822|INFO    |VirtualServer |1  |permission 'i_needed_modify_power_client_use_reserved_slot'(id:32951) with values (value:75, negated:0, skipchannel:0) was added by '00*BadBoy*00'(id:2) to servergroup 'member'(id:9)
2019-07-26 18:10:32.214822|INFO    |VirtualServer |1  |permission 'i_needed_modify_power_virtualserver_log_view'(id:32810) with values (value:75, negated:0, skipchannel:0) was added by '00*BadBoy*00'(id:2) to servergroup 'member'(id:9)
2019-07-26 18:10:32.214822|INFO    |VirtualServer |1  |permission 'i_needed_modify_power_virtualserver_client_dblist'(id:32799) with values (value:75, negated:0, skipchannel:0) was added by '00*BadBoy*00'(id:2) to servergroup 'member'(id:9)
2019-07-26 18:10:32.214822|INFO    |VirtualServer |1  |permission 'i_needed_modify_power_virtualserver_servergroup_create'(id:32928) with values (value:75, negated:0, skipchannel:0) was added by '00*BadBoy*00'(id:2) to servergroup 'member'(id:9)
2019-07-26 18:10:32.214822|INFO    |VirtualServer |1  |permission 'i_needed_modify_power_virtualserver_channelgroup_create'(id:32929) with values (value:75, negated:0, skipchannel:0) was added by '00*BadBoy*00'(id:2) to servergroup 'member'(id:9)
2019-07-26 18:10:32.214822|INFO    |VirtualServer |1  |permission 'i_needed_modify_power_virtualserver_servergroup_delete'(id:32938) with values (value:75, negated:0, skipchannel:0) was added by '00*BadBoy*00'(id:2) to servergroup 'member'(id:9)
2019-07-26 18:10:32.214822|INFO    |VirtualServer |1  |permission 'i_needed_modify_power_virtualserver_channelgroup_delete'(id:32939) with values (value:75, negated:0, skipchannel:0) was added by '00*BadBoy*00'(id:2) to servergroup 'member'(id:9)
2019-07-26 18:10:32.214822|INFO    |VirtualServer |1  |permission 'i_needed_modify_power_icon_manage'(id:32913) with values (value:75, negated:0, skipchannel:0) was added by '00*BadBoy*00'(id:2) to servergroup 'member'(id:9)
2019-07-26 18:10:32.215821|INFO    |VirtualServer |1  |permission 'i_needed_modify_power_max_icon_filesize'(id:32912) with values (value:75, negated:0, skipchannel:0) was added by '00*BadBoy*00'(id:2) to servergroup 'member'(id:9)
2019-07-26 18:10:32.215821|INFO    |VirtualServer |1  |permission 'i_needed_modify_power_virtualserver_servergroup_permission_list'(id:32920) with values (value:75, negated:0, skipchannel:0) was added by '00*BadBoy*00'(id:2) to servergroup 'member'(id:9)
2019-07-26 18:10:32.215821|INFO    |VirtualServer |1  |permission 'i_needed_modify_power_virtualserver_channelgroup_permission_list'(id:32923) with values (value:75, negated:0, skipchannel:0) was added by '00*BadBoy*00'(id:2) to servergroup 'member'(id:9)
2019-07-26 18:10:32.215821|INFO    |VirtualServer |1  |permission 'i_needed_modify_power_virtualserver_client_permission_list'(id:32925) with values (value:75, negated:0, skipchannel:0) was added by '00*BadBoy*00'(id:2) to servergroup 'member'(id:9)
2019-07-26 18:10:32.215821|INFO    |VirtualServer |1  |permission 'i_needed_modify_power_virtualserver_channel_permission_list'(id:32926) with values (value:75, negated:0, skipchannel:0) was added by '00*BadBoy*00'(id:2) to servergroup 'member'(id:9)
2019-07-26 18:10:32.215821|INFO    |VirtualServer |1  |permission 'i_needed_modify_power_virtualserver_channelclient_permission_list'(id:32927) with values (value:75, negated:0, skipchannel:0) was added by '00*BadBoy*00'(id:2) to servergroup 'member'(id:9)
2019-07-26 18:10:32.215821|INFO    |VirtualServer |1  |permission 'i_needed_modify_power_virtualserver_servergroup_client_list'(id:32921) with values (value:75, negated:0, skipchannel:0) was added by '00*BadBoy*00'(id:2) to servergroup 'member'(id:9)
2019-07-26 18:10:32.216821|INFO    |VirtualServer |1  |permission 'i_needed_modify_power_virtualserver_channelgroup_client_list'(id:32924) with values (value:75, negated:0, skipchannel:0) was added by '00*BadBoy*00'(id:2) to servergroup 'member'(id:9)
2019-07-26 18:10:32.216821|INFO    |VirtualServer |1  |permission 'i_needed_modify_power_virtualserver_token_list'(id:32806) with values (value:75, negated:0, skipchannel:0) was added by '00*BadBoy*00'(id:2) to servergroup 'member'(id:9)
2019-07-26 18:10:32.216821|INFO    |VirtualServer |1  |permission 'i_needed_modify_power_virtualserver_token_add'(id:32807) with values (value:75, negated:0, skipchannel:0) was added by '00*BadBoy*00'(id:2) to servergroup 'member'(id:9)
2019-07-26 18:10:32.216821|INFO    |VirtualServer |1  |permission 'i_needed_modify_power_virtualserver_token_delete'(id:32809) with values (value:75, negated:0, skipchannel:0) was added by '00*BadBoy*00'(id:2) to servergroup 'member'(id:9)
2019-07-26 18:10:32.216821|INFO    |VirtualServer |1  |permission 'i_needed_modify_power_group_member_add_power'(id:32932) with values (value:75, negated:0, skipchannel:0) was added by '00*BadBoy*00'(id:2) to servergroup 'member'(id:9)
2019-07-26 18:10:32.216821|INFO    |VirtualServer |1  |permission 'i_needed_modify_power_group_member_remove_power'(id:32934) with values (value:75, negated:0, skipchannel:0) was added by '00*BadBoy*00'(id:2) to servergroup 'member'(id:9)
2019-07-26 18:10:32.216821|INFO    |VirtualServer |1  |permission 'i_needed_modify_power_client_modify_description'(id:32994) with values (value:75, negated:0, skipchannel:0) was added by '00*BadBoy*00'(id:2) to servergroup 'member'(id:9)
2019-07-26 18:10:32.216821|INFO    |VirtualServer |1  |permission 'i_needed_modify_power_client_modify_own_description'(id:32995) with values (value:75, negated:0, skipchannel:0) was added by '00*BadBoy*00'(id:2) to servergroup 'member'(id:9)
2019-07-26 18:10:32.217820|INFO    |VirtualServer |1  |permission 'i_needed_modify_power_client_set_flag_talker'(id:32991) with values (value:75, negated:0, skipchannel:0) was added by '00*BadBoy*00'(id:2) to servergroup 'member'(id:9)
2019-07-26 18:10:32.217820|INFO    |VirtualServer |1  |permission 'i_needed_modify_power_client_move_power'(id:32970) with values (value:75, negated:0, skipchannel:0) was added by '00*BadBoy*00'(id:2) to servergroup 'member'(id:9)
2019-07-26 18:10:32.217820|INFO    |VirtualServer |1  |permission 'i_needed_modify_power_client_kick_from_channel_power'(id:32966) with values (value:75, negated:0, skipchannel:0) was added by '00*BadBoy*00'(id:2) to servergroup 'member'(id:9)
2019-07-26 18:10:32.217820|INFO    |VirtualServer |1  |permission 'i_needed_modify_power_client_ban_power'(id:32968) with values (value:75, negated:0, skipchannel:0) was added by '00*BadBoy*00'(id:2) to servergroup 'member'(id:9)
2019-07-26 18:10:32.217820|INFO    |VirtualServer |1  |permission 'i_needed_modify_power_client_ban_list'(id:32977) with values (value:75, negated:0, skipchannel:0) was added by '00*BadBoy*00'(id:2) to servergroup 'member'(id:9)
2019-07-26 18:10:32.217820|INFO    |VirtualServer |1  |permission 'i_needed_modify_power_client_ban_delete_own'(id:32979) with values (value:75, negated:0, skipchannel:0) was added by '00*BadBoy*00'(id:2) to servergroup 'member'(id:9)
2019-07-26 18:10:32.217820|INFO    |VirtualServer |1  |permission 'i_needed_modify_power_client_ban_create'(id:32978) with values (value:75, negated:0, skipchannel:0) was added by '00*BadBoy*00'(id:2) to servergroup 'member'(id:9)
2019-07-26 18:10:32.217820|INFO    |VirtualServer |1  |permission 'i_needed_modify_power_client_ban_delete'(id:32980) with values (value:75, negated:0, skipchannel:0) was added by '00*BadBoy*00'(id:2) to servergroup 'member'(id:9)
2019-07-26 18:10:32.218819|INFO    |VirtualServer |1  |permission 'i_needed_modify_power_client_ban_max_bantime'(id:32981) with values (value:75, negated:0, skipchannel:0) was added by '00*BadBoy*00'(id:2) to servergroup 'member'(id:9)
2019-07-26 18:10:32.218819|INFO    |VirtualServer |1  |permission 'i_needed_modify_power_client_ignore_bans'(id:32949) with values (value:75, negated:0, skipchannel:0) was added by '00*BadBoy*00'(id:2) to servergroup 'member'(id:9)
2019-07-26 18:10:32.218819|INFO    |VirtualServer |1  |permission 'i_needed_modify_power_client_kick_from_server_power'(id:32964) with values (value:75, negated:0, skipchannel:0) was added by '00*BadBoy*00'(id:2) to servergroup 'member'(id:9)
2019-07-26 18:10:32.218819|INFO    |VirtualServer |1  |permission 'i_needed_modify_power_channel_modify_name'(id:32878) with values (value:75, negated:0, skipchannel:0) was added by '00*BadBoy*00'(id:2) to servergroup 'member'(id:9)
2019-07-26 18:10:32.218819|INFO    |VirtualServer |1  |permission 'i_needed_modify_power_channel_modify_topic'(id:32879) with values (value:75, negated:0, skipchannel:0) was added by '00*BadBoy*00'(id:2) to servergroup 'member'(id:9)
2019-07-26 18:10:32.218819|INFO    |VirtualServer |1  |permission 'i_needed_modify_power_channel_modify_description'(id:32880) with values (value:75, negated:0, skipchannel:0) was added by '00*BadBoy*00'(id:2) to servergroup 'member'(id:9)
2019-07-26 18:10:32.218819|INFO    |VirtualServer |1  |permission 'i_needed_modify_power_channel_modify_password'(id:32881) with values (value:75, negated:0, skipchannel:0) was added by '00*BadBoy*00'(id:2) to servergroup 'member'(id:9)
2019-07-26 18:10:32.218819|INFO    |VirtualServer |1  |permission 'i_needed_modify_power_channel_modify_codec'(id:32883) with values (value:75, negated:0, skipchannel:0) was added by '00*BadBoy*00'(id:2) to servergroup 'member'(id:9)
2019-07-26 18:10:32.219818|INFO    |VirtualServer |1  |permission 'i_needed_modify_power_channel_modify_codec_quality'(id:32884) with values (value:75, negated:0, skipchannel:0) was added by '00*BadBoy*00'(id:2) to servergroup 'member'(id:9)
2019-07-26 18:10:32.219818|INFO    |VirtualServer |1  |permission 'i_needed_modify_power_channel_modify_codec_latency_factor'(id:32885) with values (value:75, negated:0, skipchannel:0) was added by '00*BadBoy*00'(id:2) to servergroup 'member'(id:9)
2019-07-26 18:10:32.219818|INFO    |VirtualServer |1  |permission 'i_needed_modify_power_channel_modify_maxclients'(id:32886) with values (value:75, negated:0, skipchannel:0) was added by '00*BadBoy*00'(id:2) to servergroup 'member'(id:9)
2019-07-26 18:10:32.219818|INFO    |VirtualServer |1  |permission 'i_needed_modify_power_channel_modify_maxfamilyclients'(id:32887) with values (value:75, negated:0, skipchannel:0) was added by '00*BadBoy*00'(id:2) to servergroup 'member'(id:9)
2019-07-26 18:10:32.219818|INFO    |VirtualServer |1  |permission 'i_needed_modify_power_channel_modify_parent'(id:32873) with values (value:75, negated:0, skipchannel:0) was added by '00*BadBoy*00'(id:2) to servergroup 'member'(id:9)
2019-07-26 18:10:32.219818|INFO    |VirtualServer |1  |permission 'i_needed_modify_power_channel_modify_sortorder'(id:32888) with values (value:75, negated:0, skipchannel:0) was added by '00*BadBoy*00'(id:2) to servergroup 'member'(id:9)
2019-07-26 18:10:32.219818|INFO    |VirtualServer |1  |permission 'i_needed_modify_power_channel_modify_needed_talk_power'(id:32889) with values (value:75, negated:0, skipchannel:0) was added by '00*BadBoy*00'(id:2) to servergroup 'member'(id:9)
2019-07-26 18:10:32.220818|INFO    |VirtualServer |1  |permission 'i_needed_modify_power_channel_modify_make_codec_encrypted'(id:32892) with values (value:75, negated:0, skipchannel:0) was added by '00*BadBoy*00'(id:2) to servergroup 'member'(id:9)
2019-07-26 18:10:32.220818|INFO    |VirtualServer |1  |permission 'i_needed_modify_power_channel_create_child'(id:32854) with values (value:75, negated:0, skipchannel:0) was added by '00*BadBoy*00'(id:2) to servergroup 'member'(id:9)
2019-07-26 18:10:32.220818|INFO    |VirtualServer |1  |permission 'i_needed_modify_power_channel_create_permanent'(id:32855) with values (value:75, negated:0, skipchannel:0) was added by '00*BadBoy*00'(id:2) to servergroup 'member'(id:9)
2019-07-26 18:10:32.220818|INFO    |VirtualServer |1  |permission 'i_needed_modify_power_channel_create_semi_permanent'(id:32856) with values (value:75, negated:0, skipchannel:0) was added by '00*BadBoy*00'(id:2) to servergroup 'member'(id:9)
2019-07-26 18:10:32.220818|INFO    |VirtualServer |1  |permission 'i_needed_modify_power_channel_create_temporary'(id:32857) with values (value:75, negated:0, skipchannel:0) was added by '00*BadBoy*00'(id:2) to servergroup 'member'(id:9)
2019-07-26 18:10:32.220818|INFO    |VirtualServer |1  |permission 'i_needed_modify_power_channel_create_with_topic'(id:32858) with values (value:75, negated:0, skipchannel:0) was added by '00*BadBoy*00'(id:2) to servergroup 'member'(id:9)
2019-07-26 18:10:32.221817|INFO    |VirtualServer |1  |permission 'i_needed_modify_power_channel_create_with_description'(id:32859) with values (value:75, negated:0, skipchannel:0) was added by '00*BadBoy*00'(id:2) to servergroup 'member'(id:9)
2019-07-26 18:10:32.221817|INFO    |VirtualServer |1  |permission 'i_needed_modify_power_channel_create_with_password'(id:32860) with values (value:75, negated:0, skipchannel:0) was added by '00*BadBoy*00'(id:2) to servergroup 'member'(id:9)
2019-07-26 18:10:32.221817|INFO    |VirtualServer |1  |permission 'i_needed_modify_power_channel_create_modify_with_codec_maxquality'(id:32864) with values (value:75, negated:0, skipchannel:0) was added by '00*BadBoy*00'(id:2) to servergroup 'member'(id:9)
2019-07-26 18:10:32.221817|INFO    |VirtualServer |1  |permission 'i_needed_modify_power_channel_create_modify_with_codec_latency_factor_min'(id:32865) with values (value:75, negated:0, skipchannel:0) was added by '00*BadBoy*00'(id:2) to servergroup 'member'(id:9)
2019-07-26 18:10:32.221817|INFO    |VirtualServer |1  |permission 'i_needed_modify_power_channel_create_with_maxclients'(id:32866) with values (value:75, negated:0, skipchannel:0) was added by '00*BadBoy*00'(id:2) to servergroup 'member'(id:9)
2019-07-26 18:10:32.221817|INFO    |VirtualServer |1  |permission 'i_needed_modify_power_channel_create_with_maxfamilyclients'(id:32867) with values (value:75, negated:0, skipchannel:0) was added by '00*BadBoy*00'(id:2) to servergroup 'member'(id:9)
2019-07-26 18:10:32.221817|INFO    |VirtualServer |1  |permission 'i_needed_modify_power_channel_create_with_needed_talk_power'(id:32870) with values (value:75, negated:0, skipchannel:0) was added by '00*BadBoy*00'(id:2) to servergroup 'member'(id:9)
2019-07-26 18:10:32.222816|INFO    |VirtualServer |1  |permission 'i_needed_modify_power_channel_create_with_default'(id:32869) with values (value:75, negated:0, skipchannel:0) was added by '00*BadBoy*00'(id:2) to servergroup 'member'(id:9)
2019-07-26 18:10:32.222816|INFO    |VirtualServer |1  |permission 'i_needed_modify_power_channel_max_depth'(id:32849) with values (value:75, negated:0, skipchannel:0) was added by '00*BadBoy*00'(id:2) to servergroup 'member'(id:9)
2019-07-26 18:10:32.222816|INFO    |VirtualServer |1  |permission 'i_needed_modify_power_channel_create_with_sortorder'(id:32868) with values (value:75, negated:0, skipchannel:0) was added by '00*BadBoy*00'(id:2) to servergroup 'member'(id:9)
2019-07-26 18:10:32.222816|INFO    |VirtualServer |1  |permission 'i_needed_modify_power_channel_delete_power'(id:32898) with values (value:75, negated:0, skipchannel:0) was added by '00*BadBoy*00'(id:2) to servergroup 'member'(id:9)
2019-07-26 18:10:32.222816|INFO    |VirtualServer |1  |permission 'i_needed_modify_power_channel_delete_permanent'(id:32894) with values (value:75, negated:0, skipchannel:0) was added by '00*BadBoy*00'(id:2) to servergroup 'member'(id:9)
2019-07-26 18:10:32.223816|INFO    |VirtualServer |1  |permission 'i_needed_modify_power_channel_delete_semi_permanent'(id:32895) with values (value:75, negated:0, skipchannel:0) was added by '00*BadBoy*00'(id:2) to servergroup 'member'(id:9)
2019-07-26 18:10:32.223816|INFO    |VirtualServer |1  |permission 'i_needed_modify_power_channel_delete_temporary'(id:32896) with values (value:75, negated:0, skipchannel:0) was added by '00*BadBoy*00'(id:2) to servergroup 'member'(id:9)
2019-07-26 18:10:32.223816|INFO    |VirtualServer |1  |permission 'i_needed_modify_power_channel_delete_flag_force'(id:32897) with values (value:75, negated:0, skipchannel:0) was added by '00*BadBoy*00'(id:2) to servergroup 'member'(id:9)
2019-07-26 18:10:32.223816|INFO    |VirtualServer |1  |permission 'i_needed_modify_power_client_max_avatar_filesize'(id:32944) with values (value:75, negated:0, skipchannel:0) was added by '00*BadBoy*00'(id:2) to servergroup 'member'(id:9)
2019-07-26 18:10:32.223816|INFO    |VirtualServer |1  |permission 'i_needed_modify_power_client_use_channel_commander'(id:32952) with values (value:75, negated:0, skipchannel:0) was added by '00*BadBoy*00'(id:2) to servergroup 'member'(id:9)
2019-07-26 18:10:32.223816|INFO    |VirtualServer |1  |permission 'i_needed_modify_power_client_max_channel_subscriptions'(id:32945) with values (value:75, negated:0, skipchannel:0) was added by '00*BadBoy*00'(id:2) to servergroup 'member'(id:9)
2019-07-26 18:10:32.224815|INFO    |VirtualServer |1  |permission 'i_needed_modify_power_channel_subscribe_power'(id:32907) with values (value:75, negated:0, skipchannel:0) was added by '00*BadBoy*00'(id:2) to servergroup 'member'(id:9)
2019-07-26 18:10:32.224815|INFO    |VirtualServer |1  |permission 'i_needed_modify_power_client_private_textmessage_power'(id:32982) with values (value:75, negated:0, skipchannel:0) was added by '00*BadBoy*00'(id:2) to servergroup 'member'(id:9)
2019-07-26 18:10:32.224815|INFO    |VirtualServer |1  |permission 'i_needed_modify_power_client_server_textmessage_send'(id:32984) with values (value:75, negated:0, skipchannel:0) was added by '00*BadBoy*00'(id:2) to servergroup 'member'(id:9)
2019-07-26 18:10:32.224815|INFO    |VirtualServer |1  |permission 'i_needed_modify_power_client_channel_textmessage_send'(id:32985) with values (value:75, negated:0, skipchannel:0) was added by '00*BadBoy*00'(id:2) to servergroup 'member'(id:9)
2019-07-26 18:10:32.224815|INFO    |VirtualServer |1  |permission 'i_needed_modify_power_client_offline_textmessage_send'(id:32986) with values (value:75, negated:0, skipchannel:0) was added by '00*BadBoy*00'(id:2) to servergroup 'member'(id:9)
2019-07-26 18:10:32.224815|INFO    |VirtualServer |1  |permission 'i_needed_modify_power_ft_file_delete_power'(id:33005) with values (value:75, negated:0, skipchannel:0) was added by '00*BadBoy*00'(id:2) to servergroup 'member'(id:9)
2019-07-26 18:10:32.224815|INFO    |VirtualServer |1  |permission 'i_needed_modify_power_ft_file_rename_power'(id:33007) with values (value:75, negated:0, skipchannel:0) was added by '00*BadBoy*00'(id:2) to servergroup 'member'(id:9)
2019-07-26 18:10:32.225814|INFO    |VirtualServer |1  |permission 'i_needed_modify_power_ft_directory_create_power'(id:33011) with values (value:75, negated:0, skipchannel:0) was added by '00*BadBoy*00'(id:2) to servergroup 'member'(id:9)
2019-07-26 18:10:32.225814|INFO    |VirtualServer |1  |permission 'i_needed_modify_power_ft_ignore_password'(id:32999) with values (value:75, negated:0, skipchannel:0) was added by '00*BadBoy*00'(id:2) to servergroup 'member'(id:9)
2019-07-26 18:10:32.225814|INFO    |VirtualServer |1  |permission 'i_needed_modify_power_ft_file_upload_power'(id:33001) with values (value:75, negated:0, skipchannel:0) was added by '00*BadBoy*00'(id:2) to servergroup 'member'(id:9)
2019-07-26 18:10:32.225814|INFO    |VirtualServer |1  |permission 'i_needed_modify_power_ft_quota_mb_upload_per_client'(id:33014) with values (value:75, negated:0, skipchannel:0) was added by '00*BadBoy*00'(id:2) to servergroup 'member'(id:9)
2019-07-26 18:10:32.225814|INFO    |VirtualServer |1  |permission 'i_needed_modify_power_ft_file_download_power'(id:33003) with values (value:75, negated:0, skipchannel:0) was added by '00*BadBoy*00'(id:2) to servergroup 'member'(id:9)
2019-07-26 18:10:32.225814|INFO    |VirtualServer |1  |permission 'i_needed_modify_power_ft_quota_mb_download_per_client'(id:33013) with values (value:75, negated:0, skipchannel:0) was added by '00*BadBoy*00'(id:2) to servergroup 'member'(id:9)
2019-07-26 18:10:32.225814|INFO    |VirtualServer |1  |permission 'i_needed_modify_power_ft_file_browse_power'(id:33009) with values (value:75, negated:0, skipchannel:0) was added by '00*BadBoy*00'(id:2) to servergroup 'member'(id:9)
2019-07-26 18:10:32.226813|INFO    |VirtualServer |1  |permission 'i_needed_modify_power_channel_modify_make_permanent'(id:32875) with values (value:75, negated:0, skipchannel:0) was added by '00*BadBoy*00'(id:2) to servergroup 'member'(id:9)
2019-07-26 18:10:32.226813|INFO    |VirtualServer |1  |permission 'i_needed_modify_power_channel_modify_make_default'(id:32874) with values (value:75, negated:0, skipchannel:0) was added by '00*BadBoy*00'(id:2) to servergroup 'member'(id:9)
2019-07-26 18:10:32.226813|INFO    |VirtualServer |1  |permission 'i_needed_modify_power_channel_modify_make_semi_permanent'(id:32876) with values (value:75, negated:0, skipchannel:0) was added by '00*BadBoy*00'(id:2) to servergroup 'member'(id:9)
2019-07-26 18:10:32.226813|INFO    |VirtualServer |1  |permission 'i_needed_modify_power_channel_modify_make_temporary'(id:32877) with values (value:75, negated:0, skipchannel:0) was added by '00*BadBoy*00'(id:2) to servergroup 'member'(id:9)
2019-07-26 18:10:38.282665|INFO    |VirtualServer |1  |servergroup 'member'(id:9) was renamed to 'Member' by '00*BadBoy*00'(id:2)
2019-07-26 18:12:19.315709|INFO    |VirtualServer |1  |permission 'b_channel_modify_make_semi_permanent'(id:108) was deleted by '00*BadBoy*00'(id:2) from servergroup 'Member'(id:9)
2019-07-26 18:12:19.315709|INFO    |VirtualServer |1  |permission 'b_channel_modify_make_temporary'(id:109) was deleted by '00*BadBoy*00'(id:2) from servergroup 'Member'(id:9)
2019-07-26 18:12:19.316708|INFO    |VirtualServer |1  |permission 'b_channel_modify_make_default'(id:106) was deleted by '00*BadBoy*00'(id:2) from servergroup 'Member'(id:9)
2019-07-26 18:12:19.317707|INFO    |VirtualServer |1  |permission 'b_channel_modify_make_permanent'(id:107) was deleted by '00*BadBoy*00'(id:2) from servergroup 'Member'(id:9)
2019-07-26 18:12:19.317707|INFO    |VirtualServer |1  |permission 'b_virtualserver_modify_nickname'(id:78) was deleted by '00*BadBoy*00'(id:2) from servergroup 'Member'(id:9)
2019-07-26 18:12:19.318706|INFO    |VirtualServer |1  |permission 'b_virtualserver_modify_codec_encryption_mode'(id:74) was deleted by '00*BadBoy*00'(id:2) from servergroup 'Member'(id:9)
2019-07-26 18:12:19.318706|INFO    |VirtualServer |1  |permission 'b_virtualserver_modify_icon_id'(id:72) was deleted by '00*BadBoy*00'(id:2) from servergroup 'Member'(id:9)
2019-07-26 18:12:19.319705|INFO    |VirtualServer |1  |permission 'b_virtualserver_modify_weblist'(id:73) was deleted by '00*BadBoy*00'(id:2) from servergroup 'Member'(id:9)
2019-07-26 18:12:19.319705|INFO    |VirtualServer |1  |permission 'b_virtualserver_modify_password'(id:54) was deleted by '00*BadBoy*00'(id:2) from servergroup 'Member'(id:9)
2019-07-26 18:12:19.320704|INFO    |VirtualServer |1  |permission 'i_needed_modify_power_channel_modify_make_semi_permanent'(id:32876) was deleted by '00*BadBoy*00'(id:2) from servergroup 'Member'(id:9)
2019-07-26 18:12:19.320704|INFO    |VirtualServer |1  |permission 'i_needed_modify_power_channel_modify_make_temporary'(id:32877) was deleted by '00*BadBoy*00'(id:2) from servergroup 'Member'(id:9)
2019-07-26 18:12:19.321704|INFO    |VirtualServer |1  |permission 'i_needed_modify_power_channel_modify_make_default'(id:32874) was deleted by '00*BadBoy*00'(id:2) from servergroup 'Member'(id:9)
2019-07-26 18:12:19.321704|INFO    |VirtualServer |1  |permission 'b_virtualserver_modify_name'(id:50) was deleted by '00*BadBoy*00'(id:2) from servergroup 'Member'(id:9)
2019-07-26 18:12:19.322703|INFO    |VirtualServer |1  |permission 'i_needed_modify_power_channel_modify_make_permanent'(id:32875) was deleted by '00*BadBoy*00'(id:2) from servergroup 'Member'(id:9)
2019-07-26 18:12:19.322703|INFO    |VirtualServer |1  |permission 'b_virtualserver_modify_welcomemessage'(id:51) was deleted by '00*BadBoy*00'(id:2) from servergroup 'Member'(id:9)
2019-07-26 18:12:19.323702|INFO    |VirtualServer |1  |permission 'i_needed_modify_power_channel_create_with_needed_talk_power'(id:32870) was deleted by '00*BadBoy*00'(id:2) from servergroup 'Member'(id:9)
2019-07-26 18:12:19.323702|INFO    |VirtualServer |1  |permission 'i_needed_modify_power_channel_create_with_sortorder'(id:32868) was deleted by '00*BadBoy*00'(id:2) from servergroup 'Member'(id:9)
2019-07-26 18:12:19.324701|INFO    |VirtualServer |1  |permission 'b_virtualserver_join_ignore_password'(id:44) was deleted by '00*BadBoy*00'(id:2) from servergroup 'Member'(id:9)
2019-07-26 18:12:19.325700|INFO    |VirtualServer |1  |permission 'i_needed_modify_power_channel_create_with_default'(id:32869) was deleted by '00*BadBoy*00'(id:2) from servergroup 'Member'(id:9)
2019-07-26 18:12:19.325700|INFO    |VirtualServer |1  |permission 'i_needed_modify_power_channel_create_with_maxclients'(id:32866) was deleted by '00*BadBoy*00'(id:2) from servergroup 'Member'(id:9)
2019-07-26 18:12:19.325700|INFO    |VirtualServer |1  |permission 'i_needed_modify_power_channel_create_with_maxfamilyclients'(id:32867) was deleted by '00*BadBoy*00'(id:2) from servergroup 'Member'(id:9)
2019-07-26 18:12:19.326699|INFO    |VirtualServer |1  |permission 'i_needed_modify_power_channel_create_modify_with_codec_maxquality'(id:32864) was deleted by '00*BadBoy*00'(id:2) from servergroup 'Member'(id:9)
2019-07-26 18:12:19.326699|INFO    |VirtualServer |1  |permission 'i_needed_modify_power_channel_create_modify_with_codec_latency_factor_min'(id:32865) was deleted by '00*BadBoy*00'(id:2) from servergroup 'Member'(id:9)
2019-07-26 18:12:19.327698|INFO    |VirtualServer |1  |permission 'i_needed_modify_power_channel_create_with_password'(id:32860) was deleted by '00*BadBoy*00'(id:2) from servergroup 'Member'(id:9)
2019-07-26 18:12:19.327698|INFO    |VirtualServer |1  |permission 'i_needed_modify_power_channel_create_with_topic'(id:32858) was deleted by '00*BadBoy*00'(id:2) from servergroup 'Member'(id:9)
2019-07-26 18:12:19.328698|INFO    |VirtualServer |1  |permission 'i_needed_modify_power_channel_create_with_description'(id:32859) was deleted by '00*BadBoy*00'(id:2) from servergroup 'Member'(id:9)
2019-07-26 18:12:19.328698|INFO    |VirtualServer |1  |permission 'i_needed_modify_power_channel_create_semi_permanent'(id:32856) was deleted by '00*BadBoy*00'(id:2) from servergroup 'Member'(id:9)
2019-07-26 18:12:19.329697|INFO    |VirtualServer |1  |permission 'i_needed_modify_power_channel_create_temporary'(id:32857) was deleted by '00*BadBoy*00'(id:2) from servergroup 'Member'(id:9)
2019-07-26 18:12:19.329697|INFO    |VirtualServer |1  |permission 'i_needed_modify_power_channel_create_child'(id:32854) was deleted by '00*BadBoy*00'(id:2) from servergroup 'Member'(id:9)
2019-07-26 18:12:19.329697|INFO    |VirtualServer |1  |permission 'i_needed_modify_power_channel_create_permanent'(id:32855) was deleted by '00*BadBoy*00'(id:2) from servergroup 'Member'(id:9)
2019-07-26 18:12:19.330696|INFO    |VirtualServer |1  |permission 'i_needed_modify_power_channel_max_depth'(id:32849) was deleted by '00*BadBoy*00'(id:2) from servergroup 'Member'(id:9)
2019-07-26 18:12:19.330696|INFO    |VirtualServer |1  |permission 'i_needed_modify_power_virtualserver_modify_nickname'(id:32846) was deleted by '00*BadBoy*00'(id:2) from servergroup 'Member'(id:9)
2019-07-26 18:12:19.331695|INFO    |VirtualServer |1  |permission 'i_needed_modify_power_virtualserver_modify_codec_encryption_mode'(id:32842) was deleted by '00*BadBoy*00'(id:2) from servergroup 'Member'(id:9)
2019-07-26 18:12:19.331695|INFO    |VirtualServer |1  |permission 'i_needed_modify_power_virtualserver_modify_icon_id'(id:32840) was deleted by '00*BadBoy*00'(id:2) from servergroup 'Member'(id:9)
2019-07-26 18:12:19.332695|INFO    |VirtualServer |1  |permission 'i_needed_modify_power_virtualserver_modify_weblist'(id:32841) was deleted by '00*BadBoy*00'(id:2) from servergroup 'Member'(id:9)
2019-07-26 18:12:19.332695|INFO    |VirtualServer |1  |permission 'i_needed_modify_power_virtualserver_modify_password'(id:32822) was deleted by '00*BadBoy*00'(id:2) from servergroup 'Member'(id:9)
2019-07-26 18:12:19.332695|INFO    |VirtualServer |1  |permission 'i_needed_modify_power_virtualserver_modify_name'(id:32818) was deleted by '00*BadBoy*00'(id:2) from servergroup 'Member'(id:9)
2019-07-26 18:12:19.333694|INFO    |VirtualServer |1  |permission 'i_needed_modify_power_virtualserver_modify_welcomemessage'(id:32819) was deleted by '00*BadBoy*00'(id:2) from servergroup 'Member'(id:9)
2019-07-26 18:12:19.333694|INFO    |VirtualServer |1  |permission 'i_needed_modify_power_virtualserver_join_ignore_password'(id:32812) was deleted by '00*BadBoy*00'(id:2) from servergroup 'Member'(id:9)
2019-07-26 18:12:49.145248|INFO    |VirtualServer |1  |permission 'i_client_move_power'(id:202) with values (value:0) was added by '00*BadBoy*00'(id:2) to channelgroup 'Channel Admin'(id:5)
2019-07-26 18:12:49.145248|INFO    |VirtualServer |1  |permission 'i_client_kick_from_channel_power'(id:198) with values (value:0) was added by '00*BadBoy*00'(id:2) to channelgroup 'Channel Admin'(id:5)
2019-07-26 18:12:49.145248|INFO    |VirtualServer |1  |permission 'i_client_ban_power'(id:200) with values (value:0) was added by '00*BadBoy*00'(id:2) to channelgroup 'Channel Admin'(id:5)
2019-07-26 18:12:49.145248|INFO    |VirtualServer |1  |permission 'i_client_kick_from_server_power'(id:196) with values (value:0) was added by '00*BadBoy*00'(id:2) to channelgroup 'Channel Admin'(id:5)
2019-07-26 18:12:49.146247|INFO    |VirtualServer |1  |permission 'i_channel_delete_power'(id:130) with values (value:60) was added by '00*BadBoy*00'(id:2) to channelgroup 'Channel Admin'(id:5)
2019-07-26 18:13:16.345830|INFO    |VirtualServer |1  |permission 'i_client_move_power'(id:202) with values (value:0) was added by '00*BadBoy*00'(id:2) to channelgroup 'Operator'(id:6)
2019-07-26 18:13:16.345830|INFO    |VirtualServer |1  |permission 'i_client_kick_from_channel_power'(id:198) with values (value:0) was added by '00*BadBoy*00'(id:2) to channelgroup 'Operator'(id:6)
2019-07-26 18:13:16.346829|INFO    |VirtualServer |1  |permission 'i_client_ban_power'(id:200) with values (value:0) was added by '00*BadBoy*00'(id:2) to channelgroup 'Operator'(id:6)
2019-07-26 18:13:16.346829|INFO    |VirtualServer |1  |permission 'i_client_kick_from_server_power'(id:196) with values (value:0) was added by '00*BadBoy*00'(id:2) to channelgroup 'Operator'(id:6)
2019-07-26 18:13:24.792836|INFO    |VirtualServer |1  |permission 'i_icon_id'(id:143) with values (value:-1418792801) was added by '00*BadBoy*00'(id:2) to channelgroup 'Channel Admin'(id:5)
2019-07-26 18:17:40.969618|INFO    |VirtualServer |1  |permission 'i_icon_id'(id:143) with values (value:-1576225103) was added by '00*BadBoy*00'(id:2) to channelgroup 'Operator'(id:6)
2019-07-26 18:20:29.260890|INFO    |VirtualServer |1  |client (id:4) was added to servergroup 'Member'(id:9) by client '00*BadBoy*00'(id:2)
2019-07-26 18:20:36.278496|INFO    |VirtualServer |1  |client (id:4) was removed from servergroup 'Normal'(id:7) by client '00*BadBoy*00'(id:2)
2019-07-26 18:20:49.395934|INFO    |VirtualServer |1  |client 'Smolina'(id:4) was added to channelgroup 'Operator'(id:6) by client '00*BadBoy*00'(id:2) in channel 'Gaming'(id:4)
2019-07-26 18:25:05.877181|INFO    |VirtualServer |1  |permission 'i_icon_id'(id:143) with values (value:932342208) was added by '00*BadBoy*00'(id:2) to channel 'World Of Tanks'(id:5)
2019-07-26 18:25:47.386891|INFO    |VirtualServer |1  |permission 'i_icon_id'(id:143) with values (value:928699663) was added by '00*BadBoy*00'(id:2) to channel 'Counter Strike:Global Offensive'(id:6)
2019-07-26 18:26:19.348902|INFO    |VirtualServer |1  |permission 'i_icon_id'(id:143) with values (value:1431534167) was added by '00*BadBoy*00'(id:2) to channel 'Guild Wars 2'(id:7)
2019-07-26 18:26:53.234957|INFO    |VirtualServer |1  |permission 'i_icon_id'(id:143) with values (value:-1557946525) was added by '00*BadBoy*00'(id:2) to channel 'Elder Scrolls Online'(id:8)
2019-07-26 18:27:27.404807|INFO    |VirtualServer |1  |permission 'i_icon_id'(id:143) with values (value:81352788) was added by '00*BadBoy*00'(id:2) to channel 'Grand Theft Auto 5'(id:9)
2019-07-26 18:29:34.977063|INFO    |VirtualServer |1  |client 'Smolina'(id:4) was added to channelgroup 'Operator'(id:6) by client '00*BadBoy*00'(id:2) in channel 'Gaming'(id:4)
2019-07-26 18:29:46.985827|INFO    |VirtualServer |1  |client 'Smolina'(id:4) was added to channelgroup 'Operator'(id:6) by client '00*BadBoy*00'(id:2) in channel 'Gaming'(id:4)
2019-07-26 18:29:57.565722|INFO    |VirtualServer |1  |client 'Smolina'(id:4) was added to channelgroup 'Operator'(id:6) by client '00*BadBoy*00'(id:2) in channel 'Gaming'(id:4)
2019-07-26 18:30:01.416758|INFO    |VirtualServer |1  |client 'Smolina'(id:4) was added to channelgroup 'Voice'(id:7) by client '00*BadBoy*00'(id:2) in channel 'Guild Wars 2'(id:7)
2019-07-26 18:30:13.417057|INFO    |VirtualServer |1  |client 'Smolina'(id:4) was added to channelgroup 'Operator'(id:6) by client '00*BadBoy*00'(id:2) in channel 'Gaming'(id:4)
2019-07-26 21:00:35.594650|INFO    |VirtualServer |1  |client 'Mm rd zelen koele'(id:5) was added to channelgroup 'Operator'(id:6) by client '00*BadBoy*00'(id:2) in channel 'Gaming'(id:4)
2019-07-26 21:00:44.300979|INFO    |VirtualServer |1  |client (id:5) was added to servergroup 'Member'(id:9) by client '00*BadBoy*00'(id:2)
