2019-09-12 19:31:48.173724|INFO    |ServerLibPriv |   |TeamSpeak 3 Server 3.9.1 (2019-07-02 13:17:23)
2019-09-12 19:31:48.186714|INFO    |ServerLibPriv |   |SystemInformation: Windows 10 (18362) x64 (AMD or Intel) Binary: 64bit
2019-09-12 19:31:48.186714|INFO    |ServerLibPriv |   |Using hardware aes
2019-09-12 19:31:48.216691|INFO    |DatabaseQuery |   |dbPlugin name:    SQLite3 plugin, Version 3, (c)TeamSpeak Systems GmbH
2019-09-12 19:31:48.216691|INFO    |DatabaseQuery |   |dbPlugin version: 3.11.1
2019-09-12 19:31:48.232679|INFO    |DatabaseQuery |   |checking database integrity (may take a while)
2019-09-12 19:31:48.365576|WARNING |Accounting    |   |Unable to open licensekey.dat, falling back to limited functionality
2019-09-12 19:31:48.384561|INFO    |Accounting    |   |Licensing Information
2019-09-12 19:31:48.384561|INFO    |Accounting    |   |licensed to       : Anonymous
2019-09-12 19:31:48.384561|INFO    |Accounting    |   |type              : No License
2019-09-12 19:31:48.384561|INFO    |Accounting    |   |starting date     : Tue Jan  1 00:00:00 2019
2019-09-12 19:31:48.384561|INFO    |Accounting    |   |ending date       : Fri Jan 31 00:00:00 2020
2019-09-12 19:31:48.384561|INFO    |Accounting    |   |max virtualservers: 1
2019-09-12 19:31:48.384561|INFO    |Accounting    |   |max slots         : 32
2019-09-12 19:31:48.470493|INFO    |              |   |myTeamSpeak identifier revocation list was downloaded successfully - all related features are activated
2019-09-12 19:31:49.250886|INFO    |              |   |Puzzle precompute time: 803
2019-09-12 19:31:49.252884|INFO    |FileManager   |   |listening on 0.0.0.0:30033, [::]:30033
2019-09-12 19:31:49.360800|INFO    |Query         |   |listening for query on 0.0.0.0:10011, [::]:10011
2019-09-12 19:31:49.360800|INFO    |Query         |   |listening for query ssh on 0.0.0.0:10022, [::]:10022
2019-09-12 19:31:49.380784|INFO    |CIDRManager   |   |updated query_ip_whitelist ips: 127.0.0.1/32, ::1/128, 
2019-09-12 19:31:57.797232|INFO    |              |   |Error opening file "files\virtualserver_1\internal\icons/icon_3984904527": The system cannot find the file specified.
                                                       
2019-09-12 19:31:57.933127|INFO    |              |   |Error opening file "files\virtualserver_1\internal\icons/icon_2226246242": The system cannot find the file specified.
                                                       
2019-09-12 19:31:57.969098|INFO    |              |   |Error opening file "files\virtualserver_1\internal\icons/icon_2900562530": The system cannot find the file specified.
                                                       
2019-09-12 19:31:58.028053|INFO    |              |   |Error opening file "files\virtualserver_1\internal\icons/icon_625492271": The system cannot find the file specified.
                                                       
2019-09-12 19:31:58.028053|INFO    |              |   |Error opening file "files\virtualserver_1\internal\icons/icon_1695628204": The system cannot find the file specified.
                                                       
